::1 - - [10/Jun/2024:08:53:29 +0000] "GET / HTTP/1.1" 200 12
::1 - - [10/Jun/2024:08:53:29 +0000] "GET /favicon.ico HTTP/1.1" 404 150
::1 - - [11/Jun/2024:12:19:38 +0000] "GET / HTTP/1.1" 200 12
::1 - - [11/Jun/2024:12:19:39 +0000] "GET /favicon.ico HTTP/1.1" 404 150
::1 - - [11/Jun/2024:12:31:03 +0000] "GET /5335 HTTP/1.1" 500 82
::1 - - [11/Jun/2024:12:32:33 +0000] "GET / HTTP/1.1" 304 -
::1 - - [11/Jun/2024:12:32:39 +0000] "GET / HTTP/1.1" 304 -
::1 - - [11/Jun/2024:12:32:43 +0000] "GET / HTTP/1.1" 200 12
::1 - - [11/Jun/2024:12:32:43 +0000] "GET /favicon.ico HTTP/1.1" 500 82
::1 - - [11/Jun/2024:14:00:28 +0000] "GET / HTTP/1.1" 404 68
::1 - - [11/Jun/2024:14:00:28 +0000] "GET /favicon.ico HTTP/1.1" 404 68
::1 - - [11/Jun/2024:14:00:32 +0000] "GET / HTTP/1.1" 404 68
::1 - - [11/Jun/2024:14:03:10 +0000] "GET / HTTP/1.1" 404 68
::1 - - [11/Jun/2024:14:03:12 +0000] "GET / HTTP/1.1" 404 68
::1 - - [11/Jun/2024:14:04:05 +0000] "GET / HTTP/1.1" 404 68
::1 - - [11/Jun/2024:14:04:06 +0000] "GET / HTTP/1.1" 404 68
::1 - - [11/Jun/2024:14:05:34 +0000] "GET / HTTP/1.1" 404 68
::1 - - [11/Jun/2024:14:05:34 +0000] "GET /favicon.ico HTTP/1.1" 404 68
::1 - - [11/Jun/2024:14:06:09 +0000] "GET / HTTP/1.1" 404 68
::1 - - [11/Jun/2024:14:07:06 +0000] "GET / HTTP/1.1" 404 68
::1 - - [11/Jun/2024:14:07:13 +0000] "GET / HTTP/1.1" 404 68
::1 - - [11/Jun/2024:14:07:14 +0000] "GET /favicon.ico HTTP/1.1" 404 68
::1 - - [11/Jun/2024:14:07:58 +0000] "GET / HTTP/1.1" 200 12
::1 - - [11/Jun/2024:14:07:59 +0000] "GET /favicon.ico HTTP/1.1" 404 68
::1 - - [11/Jun/2024:14:08:14 +0000] "GET / HTTP/1.1" 200 12
::ffff:127.0.0.1 - - [11/Jun/2024:14:08:38 +0000] "GET / HTTP/1.1" 200 12
::1 - - [12/Jun/2024:05:33:28 +0000] "GET /favicon.ico HTTP/1.1" 404 68
::1 - - [12/Jun/2024:10:53:13 +0000] "POST / HTTP/1.1" 404 68
::1 - - [12/Jun/2024:10:53:24 +0000] "GET / HTTP/1.1" 200 12
::1 - - [12/Jun/2024:10:54:52 +0000] "POST /verify HTTP/1.1" 404 68
::1 - - [12/Jun/2024:10:55:27 +0000] "POST /api/verify HTTP/1.1" 404 68
::1 - - [12/Jun/2024:10:56:32 +0000] "POST /api/verify HTTP/1.1" 404 68
::1 - - [12/Jun/2024:10:58:19 +0000] "POST /api/verify HTTP/1.1" 201 82
::1 - - [12/Jun/2024:11:03:08 +0000] "POST /api/otp-verify HTTP/1.1" 200 86
::1 - - [12/Jun/2024:11:13:16 +0000] "POST /api/verify HTTP/1.1" 201 82
::1 - - [12/Jun/2024:11:25:12 +0000] "POST /api/verify HTTP/1.1" 201 82
::1 - - [12/Jun/2024:11:28:29 +0000] "POST /api/otp-verify HTTP/1.1" 400 52
::1 - - [12/Jun/2024:11:28:47 +0000] "POST /api/verify HTTP/1.1" 201 82
::1 - - [12/Jun/2024:11:32:42 +0000] "POST /api/verify HTTP/1.1" 200 82
::1 - - [12/Jun/2024:12:05:56 +0000] "POST /api/verify HTTP/1.1" 200 82
::1 - - [12/Jun/2024:12:08:52 +0000] "POST /api/verify HTTP/1.1" 400 61
::1 - - [12/Jun/2024:12:09:46 +0000] "POST /api/verify HTTP/1.1" 200 82
::1 - - [12/Jun/2024:12:15:52 +0000] "POST /api/verify HTTP/1.1" 200 82
